<?xml version="1.0" encoding="UTF-8"?>
<!-- Generated by org.testng.reporters.JUnitXMLReporter -->
<testsuite ignored="0" hostname="Jijos-MacBook-Air.local" failures="0" tests="2" name="Default test" time="27.367" errors="0" timestamp="2022-11-14T10:53:32 IST">
  <testcase classname="com.SauceDemo.scripts.TestClassInventory" name="TC02_verifyAddtocart" time="6.793"/>
  <testcase classname="com.SauceDemo.scripts.TestClassInventory" name="TC03_verifyRemoveFromCart" time="2.378"/>
</testsuite> <!-- Default test -->
