<?xml version="1.0" encoding="UTF-8"?>
<testng-results ignored="0" total="9" passed="9" failed="0" skipped="0">
  <reporter-output>
  </reporter-output>
  <suite started-at="2022-11-14T15:21:43 IST" name="Suite" finished-at="2022-11-14T15:22:47 IST" duration-ms="64221">
    <groups>
    </groups>
    <test started-at="2022-11-14T15:21:43 IST" name="SauceDemoTest" finished-at="2022-11-14T15:22:47 IST" duration-ms="64221">
      <class name="com.SauceDemo.scripts.TestClassInventory">
        <test-method is-config="true" signature="onSetUp()[pri:0, instance:com.SauceDemo.scripts.TestClassInventory@ba2f4ec]" started-at="2022-11-14T15:21:51 IST" name="onSetUp" finished-at="2022-11-14T15:21:54 IST" duration-ms="3346" status="PASS">
          <reporter-output>
          </reporter-output>
        </test-method> <!-- onSetUp -->
        <test-method signature="TC02_verifyAddtocart()[pri:1, instance:com.SauceDemo.scripts.TestClassInventory@ba2f4ec]" started-at="2022-11-14T15:21:54 IST" name="TC02_verifyAddtocart" finished-at="2022-11-14T15:21:56 IST" duration-ms="2132" status="PASS">
          <reporter-output>
          </reporter-output>
        </test-method> <!-- TC02_verifyAddtocart -->
        <test-method is-config="true" signature="tearDown(org.testng.ITestResult)[pri:0, instance:com.SauceDemo.scripts.TestClassInventory@ba2f4ec]" started-at="2022-11-14T15:21:56 IST" name="tearDown" finished-at="2022-11-14T15:21:56 IST" duration-ms="0" status="PASS">
          <params>
            <param index="0">
              <value>
                <![CDATA[[TestResult name=TC02_verifyAddtocart status=SUCCESS method=TestClassInventory.TC02_verifyAddtocart()[pri:1, instance:com.SauceDemo.scripts.TestClassInventory@ba2f4ec] output={null}]]]>
              </value>
            </param>
          </params>
          <reporter-output>
          </reporter-output>
        </test-method> <!-- tearDown -->
        <test-method signature="TC03_verifyRemoveFromCart()[pri:2, instance:com.SauceDemo.scripts.TestClassInventory@ba2f4ec]" started-at="2022-11-14T15:22:44 IST" name="TC03_verifyRemoveFromCart" finished-at="2022-11-14T15:22:46 IST" duration-ms="2331" status="PASS">
          <reporter-output>
          </reporter-output>
        </test-method> <!-- TC03_verifyRemoveFromCart -->
        <test-method is-config="true" signature="tearDown(org.testng.ITestResult)[pri:0, instance:com.SauceDemo.scripts.TestClassInventory@ba2f4ec]" started-at="2022-11-14T15:22:46 IST" name="tearDown" finished-at="2022-11-14T15:22:46 IST" duration-ms="1" status="PASS">
          <params>
            <param index="0">
              <value>
                <![CDATA[[TestResult name=TC03_verifyRemoveFromCart status=SUCCESS method=TestClassInventory.TC03_verifyRemoveFromCart()[pri:2, instance:com.SauceDemo.scripts.TestClassInventory@ba2f4ec] output={null}]]]>
              </value>
            </param>
          </params>
          <reporter-output>
          </reporter-output>
        </test-method> <!-- tearDown -->
        <test-method is-config="true" signature="tearDown()[pri:0, instance:com.SauceDemo.scripts.TestClassInventory@ba2f4ec]" started-at="2022-11-14T15:22:46 IST" name="tearDown" finished-at="2022-11-14T15:22:47 IST" duration-ms="183" status="PASS">
          <reporter-output>
          </reporter-output>
        </test-method> <!-- tearDown -->
      </class> <!-- com.SauceDemo.scripts.TestClassInventory -->
      <class name="com.SauceDemo.scripts.TestClassCheckOutStepOne">
        <test-method is-config="true" signature="onSetUp()[pri:0, instance:com.SauceDemo.scripts.TestClassCheckOutStepOne@55fe41ea]" started-at="2022-11-14T15:22:02 IST" name="onSetUp" finished-at="2022-11-14T15:22:07 IST" duration-ms="4896" status="PASS">
          <reporter-output>
          </reporter-output>
        </test-method> <!-- onSetUp -->
        <test-method signature="TC06_verifyCheckOutStepOne()[pri:1, instance:com.SauceDemo.scripts.TestClassCheckOutStepOne@55fe41ea]" started-at="2022-11-14T15:22:07 IST" name="TC06_verifyCheckOutStepOne" finished-at="2022-11-14T15:22:10 IST" duration-ms="2666" status="PASS">
          <reporter-output>
          </reporter-output>
        </test-method> <!-- TC06_verifyCheckOutStepOne -->
        <test-method is-config="true" signature="tearDown(org.testng.ITestResult)[pri:0, instance:com.SauceDemo.scripts.TestClassCheckOutStepOne@55fe41ea]" started-at="2022-11-14T15:22:10 IST" name="tearDown" finished-at="2022-11-14T15:22:10 IST" duration-ms="1" status="PASS">
          <params>
            <param index="0">
              <value>
                <![CDATA[[TestResult name=TC06_verifyCheckOutStepOne status=SUCCESS method=TestClassCheckOutStepOne.TC06_verifyCheckOutStepOne()[pri:1, instance:com.SauceDemo.scripts.TestClassCheckOutStepOne@55fe41ea] output={null}]]]>
              </value>
            </param>
          </params>
          <reporter-output>
          </reporter-output>
        </test-method> <!-- tearDown -->
        <test-method is-config="true" signature="tearDown()[pri:0, instance:com.SauceDemo.scripts.TestClassCheckOutStepOne@55fe41ea]" started-at="2022-11-14T15:22:10 IST" name="tearDown" finished-at="2022-11-14T15:22:10 IST" duration-ms="221" status="PASS">
          <reporter-output>
          </reporter-output>
        </test-method> <!-- tearDown -->
      </class> <!-- com.SauceDemo.scripts.TestClassCheckOutStepOne -->
      <class name="com.SauceDemo.scripts.TestClassLogin">
        <test-method is-config="true" signature="onSetUp()[pri:0, instance:com.SauceDemo.scripts.TestClassLogin@4e08711f]" started-at="2022-11-14T15:21:43 IST" name="onSetUp" finished-at="2022-11-14T15:21:49 IST" duration-ms="6285" status="PASS">
          <reporter-output>
          </reporter-output>
        </test-method> <!-- onSetUp -->
        <test-method signature="TC01_verifyValidLogin()[pri:1, instance:com.SauceDemo.scripts.TestClassLogin@4e08711f]" started-at="2022-11-14T15:21:49 IST" name="TC01_verifyValidLogin" finished-at="2022-11-14T15:21:50 IST" duration-ms="1548" status="PASS">
          <reporter-output>
          </reporter-output>
        </test-method> <!-- TC01_verifyValidLogin -->
        <test-method is-config="true" signature="tearDown(org.testng.ITestResult)[pri:0, instance:com.SauceDemo.scripts.TestClassLogin@4e08711f]" started-at="2022-11-14T15:21:50 IST" name="tearDown" finished-at="2022-11-14T15:21:50 IST" duration-ms="8" status="PASS">
          <params>
            <param index="0">
              <value>
                <![CDATA[[TestResult name=TC01_verifyValidLogin status=SUCCESS method=TestClassLogin.TC01_verifyValidLogin()[pri:1, instance:com.SauceDemo.scripts.TestClassLogin@4e08711f] output={null}]]]>
              </value>
            </param>
          </params>
          <reporter-output>
          </reporter-output>
        </test-method> <!-- tearDown -->
        <test-method is-config="true" signature="tearDown()[pri:0, instance:com.SauceDemo.scripts.TestClassLogin@4e08711f]" started-at="2022-11-14T15:21:50 IST" name="tearDown" finished-at="2022-11-14T15:21:51 IST" duration-ms="189" status="PASS">
          <reporter-output>
          </reporter-output>
        </test-method> <!-- tearDown -->
      </class> <!-- com.SauceDemo.scripts.TestClassLogin -->
      <class name="com.SauceDemo.scripts.TestClassCart">
        <test-method is-config="true" signature="onSetUp()[pri:0, instance:com.SauceDemo.scripts.TestClassCart@1c1bbc4e]" started-at="2022-11-14T15:21:56 IST" name="onSetUp" finished-at="2022-11-14T15:22:01 IST" duration-ms="4750" status="PASS">
          <reporter-output>
          </reporter-output>
        </test-method> <!-- onSetUp -->
        <test-method signature="TC04_verifyItemsCart()[pri:1, instance:com.SauceDemo.scripts.TestClassCart@1c1bbc4e]" started-at="2022-11-14T15:22:01 IST" name="TC04_verifyItemsCart" finished-at="2022-11-14T15:22:02 IST" duration-ms="1301" status="PASS">
          <reporter-output>
          </reporter-output>
        </test-method> <!-- TC04_verifyItemsCart -->
        <test-method is-config="true" signature="tearDown(org.testng.ITestResult)[pri:0, instance:com.SauceDemo.scripts.TestClassCart@1c1bbc4e]" started-at="2022-11-14T15:22:02 IST" name="tearDown" finished-at="2022-11-14T15:22:02 IST" duration-ms="0" status="PASS">
          <params>
            <param index="0">
              <value>
                <![CDATA[[TestResult name=TC04_verifyItemsCart status=SUCCESS method=TestClassCart.TC04_verifyItemsCart()[pri:1, instance:com.SauceDemo.scripts.TestClassCart@1c1bbc4e] output={null}]]]>
              </value>
            </param>
          </params>
          <reporter-output>
          </reporter-output>
        </test-method> <!-- tearDown -->
        <test-method signature="TC05_verifyCheckoutBtn()[pri:2, instance:com.SauceDemo.scripts.TestClassCart@1c1bbc4e]" started-at="2022-11-14T15:22:47 IST" name="TC05_verifyCheckoutBtn" finished-at="2022-11-14T15:22:47 IST" duration-ms="107" status="PASS">
          <reporter-output>
          </reporter-output>
        </test-method> <!-- TC05_verifyCheckoutBtn -->
        <test-method is-config="true" signature="tearDown(org.testng.ITestResult)[pri:0, instance:com.SauceDemo.scripts.TestClassCart@1c1bbc4e]" started-at="2022-11-14T15:22:47 IST" name="tearDown" finished-at="2022-11-14T15:22:47 IST" duration-ms="1" status="PASS">
          <params>
            <param index="0">
              <value>
                <![CDATA[[TestResult name=TC05_verifyCheckoutBtn status=SUCCESS method=TestClassCart.TC05_verifyCheckoutBtn()[pri:2, instance:com.SauceDemo.scripts.TestClassCart@1c1bbc4e] output={null}]]]>
              </value>
            </param>
          </params>
          <reporter-output>
          </reporter-output>
        </test-method> <!-- tearDown -->
        <test-method is-config="true" signature="tearDown()[pri:0, instance:com.SauceDemo.scripts.TestClassCart@1c1bbc4e]" started-at="2022-11-14T15:22:47 IST" name="tearDown" finished-at="2022-11-14T15:22:47 IST" duration-ms="184" status="PASS">
          <reporter-output>
          </reporter-output>
        </test-method> <!-- tearDown -->
      </class> <!-- com.SauceDemo.scripts.TestClassCart -->
      <class name="com.SauceDemo.scripts.TestClassLogout">
        <test-method is-config="true" signature="onSetUp()[pri:0, instance:com.SauceDemo.scripts.TestClassLogout@24269709]" started-at="2022-11-14T15:22:39 IST" name="onSetUp" finished-at="2022-11-14T15:22:42 IST" duration-ms="2850" status="PASS">
          <reporter-output>
          </reporter-output>
        </test-method> <!-- onSetUp -->
        <test-method signature="TC09_verifyLogout()[pri:1, instance:com.SauceDemo.scripts.TestClassLogout@24269709]" started-at="2022-11-14T15:22:42 IST" name="TC09_verifyLogout" finished-at="2022-11-14T15:22:44 IST" duration-ms="1519" status="PASS">
          <reporter-output>
          </reporter-output>
        </test-method> <!-- TC09_verifyLogout -->
        <test-method is-config="true" signature="tearDown(org.testng.ITestResult)[pri:0, instance:com.SauceDemo.scripts.TestClassLogout@24269709]" started-at="2022-11-14T15:22:44 IST" name="tearDown" finished-at="2022-11-14T15:22:44 IST" duration-ms="0" status="PASS">
          <params>
            <param index="0">
              <value>
                <![CDATA[[TestResult name=TC09_verifyLogout status=SUCCESS method=TestClassLogout.TC09_verifyLogout()[pri:1, instance:com.SauceDemo.scripts.TestClassLogout@24269709] output={null}]]]>
              </value>
            </param>
          </params>
          <reporter-output>
          </reporter-output>
        </test-method> <!-- tearDown -->
        <test-method is-config="true" signature="tearDown()[pri:0, instance:com.SauceDemo.scripts.TestClassLogout@24269709]" started-at="2022-11-14T15:22:44 IST" name="tearDown" finished-at="2022-11-14T15:22:44 IST" duration-ms="307" status="PASS">
          <reporter-output>
          </reporter-output>
        </test-method> <!-- tearDown -->
      </class> <!-- com.SauceDemo.scripts.TestClassLogout -->
      <class name="com.SauceDemo.scripts.TestClassCheckOutComplete">
        <test-method is-config="true" signature="onSetUp()[pri:0, instance:com.SauceDemo.scripts.TestClassCheckOutComplete@7a8c8dcf]" started-at="2022-11-14T15:22:31 IST" name="onSetUp" finished-at="2022-11-14T15:22:38 IST" duration-ms="6150" status="PASS">
          <reporter-output>
          </reporter-output>
        </test-method> <!-- onSetUp -->
        <test-method signature="TC08_verifyCheckOutComplete()[pri:1, instance:com.SauceDemo.scripts.TestClassCheckOutComplete@7a8c8dcf]" started-at="2022-11-14T15:22:38 IST" name="TC08_verifyCheckOutComplete" finished-at="2022-11-14T15:22:39 IST" duration-ms="1484" status="PASS">
          <reporter-output>
          </reporter-output>
        </test-method> <!-- TC08_verifyCheckOutComplete -->
        <test-method is-config="true" signature="tearDown(org.testng.ITestResult)[pri:0, instance:com.SauceDemo.scripts.TestClassCheckOutComplete@7a8c8dcf]" started-at="2022-11-14T15:22:39 IST" name="tearDown" finished-at="2022-11-14T15:22:39 IST" duration-ms="0" status="PASS">
          <params>
            <param index="0">
              <value>
                <![CDATA[[TestResult name=TC08_verifyCheckOutComplete status=SUCCESS method=TestClassCheckOutComplete.TC08_verifyCheckOutComplete()[pri:1, instance:com.SauceDemo.scripts.TestClassCheckOutComplete@7a8c8dcf] output={null}]]]>
              </value>
            </param>
          </params>
          <reporter-output>
          </reporter-output>
        </test-method> <!-- tearDown -->
        <test-method is-config="true" signature="tearDown()[pri:0, instance:com.SauceDemo.scripts.TestClassCheckOutComplete@7a8c8dcf]" started-at="2022-11-14T15:22:39 IST" name="tearDown" finished-at="2022-11-14T15:22:39 IST" duration-ms="227" status="PASS">
          <reporter-output>
          </reporter-output>
        </test-method> <!-- tearDown -->
      </class> <!-- com.SauceDemo.scripts.TestClassCheckOutComplete -->
      <class name="com.SauceDemo.scripts.TestClassCheckOutStepTwo">
        <test-method is-config="true" signature="onSetUp()[pri:0, instance:com.SauceDemo.scripts.TestClassCheckOutStepTwo@fbd1f6]" started-at="2022-11-14T15:22:10 IST" name="onSetUp" finished-at="2022-11-14T15:22:20 IST" duration-ms="9651" status="PASS">
          <reporter-output>
          </reporter-output>
        </test-method> <!-- onSetUp -->
        <test-method signature="TC07_verifyCheckOutStepTwo()[pri:1, instance:com.SauceDemo.scripts.TestClassCheckOutStepTwo@fbd1f6]" started-at="2022-11-14T15:22:20 IST" name="TC07_verifyCheckOutStepTwo" finished-at="2022-11-14T15:22:31 IST" duration-ms="11563" status="PASS">
          <reporter-output>
          </reporter-output>
        </test-method> <!-- TC07_verifyCheckOutStepTwo -->
        <test-method is-config="true" signature="tearDown(org.testng.ITestResult)[pri:0, instance:com.SauceDemo.scripts.TestClassCheckOutStepTwo@fbd1f6]" started-at="2022-11-14T15:22:31 IST" name="tearDown" finished-at="2022-11-14T15:22:31 IST" duration-ms="0" status="PASS">
          <params>
            <param index="0">
              <value>
                <![CDATA[[TestResult name=TC07_verifyCheckOutStepTwo status=SUCCESS method=TestClassCheckOutStepTwo.TC07_verifyCheckOutStepTwo()[pri:1, instance:com.SauceDemo.scripts.TestClassCheckOutStepTwo@fbd1f6] output={null}]]]>
              </value>
            </param>
          </params>
          <reporter-output>
          </reporter-output>
        </test-method> <!-- tearDown -->
        <test-method is-config="true" signature="tearDown()[pri:0, instance:com.SauceDemo.scripts.TestClassCheckOutStepTwo@fbd1f6]" started-at="2022-11-14T15:22:31 IST" name="tearDown" finished-at="2022-11-14T15:22:31 IST" duration-ms="240" status="PASS">
          <reporter-output>
          </reporter-output>
        </test-method> <!-- tearDown -->
      </class> <!-- com.SauceDemo.scripts.TestClassCheckOutStepTwo -->
    </test> <!-- SauceDemoTest -->
  </suite> <!-- Suite -->
</testng-results>
