<?xml version="1.0" encoding="UTF-8"?>
<!-- Generated by org.testng.reporters.JUnitXMLReporter -->
<testsuite ignored="0" hostname="Jijos-MacBook-Air.local" failures="0" tests="9" name="SauceDemoTest" time="64.221" errors="0" timestamp="2022-11-14T15:22:47 IST">
  <testcase classname="com.SauceDemo.scripts.TestClassLogin" name="TC01_verifyValidLogin" time="1.548"/>
  <testcase classname="com.SauceDemo.scripts.TestClassInventory" name="TC02_verifyAddtocart" time="2.132"/>
  <testcase classname="com.SauceDemo.scripts.TestClassCart" name="TC04_verifyItemsCart" time="1.301"/>
  <testcase classname="com.SauceDemo.scripts.TestClassCheckOutStepOne" name="TC06_verifyCheckOutStepOne" time="2.666"/>
  <testcase classname="com.SauceDemo.scripts.TestClassCheckOutStepTwo" name="TC07_verifyCheckOutStepTwo" time="11.563"/>
  <testcase classname="com.SauceDemo.scripts.TestClassCheckOutComplete" name="TC08_verifyCheckOutComplete" time="1.484"/>
  <testcase classname="com.SauceDemo.scripts.TestClassLogout" name="TC09_verifyLogout" time="1.519"/>
  <testcase classname="com.SauceDemo.scripts.TestClassInventory" name="TC03_verifyRemoveFromCart" time="2.331"/>
  <testcase classname="com.SauceDemo.scripts.TestClassCart" name="TC05_verifyCheckoutBtn" time="0.107"/>
</testsuite> <!-- SauceDemoTest -->
