<?xml version="1.0" encoding="UTF-8"?>
<!-- Generated by org.testng.reporters.JUnitXMLReporter -->
<testsuite ignored="0" hostname="Jijos-MacBook-Air.local" failures="0" tests="2" name="TestClassInventory" time="8.943" errors="0" timestamp="2022-11-13T13:09:29 IST">
  <testcase classname="com.SauceDemo.scripts.TestClassInventory" name="TC02_verifyAddtocart" time="2.656"/>
  <testcase classname="com.SauceDemo.scripts.TestClassInventory" name="TC03_verifyRemoveFromCart" time="2.386"/>
</testsuite> <!-- TestClassInventory -->
