<?xml version="1.0" encoding="UTF-8"?>
<!-- Generated by org.testng.reporters.JUnitXMLReporter -->
<testsuite ignored="0" hostname="Jijos-MacBook-Air.local" failures="0" tests="2" name="TestClass2Inventory" time="14.409" errors="0" timestamp="2022-11-11T23:09:57 IST">
  <testcase classname="com.SauceDemo.scripts.TestClass2Inventory" name="verifyAddtocart" time="3.139"/>
  <testcase classname="com.SauceDemo.scripts.TestClass2Inventory" name="verifyRemoveFromCart" time="2.355"/>
</testsuite> <!-- TestClass2Inventory -->
