<?xml version="1.0" encoding="UTF-8"?>
<!-- Generated by org.testng.reporters.JUnitXMLReporter -->
<testsuite ignored="0" hostname="Jijos-MacBook-Air.local" failures="0" tests="2" name="TestClassCart" time="5.51" errors="0" timestamp="2022-11-13T13:09:34 IST">
  <testcase classname="com.SauceDemo.scripts.TestClassCart" name="TC04_verifyItemsCart" time="1.878"/>
  <testcase classname="com.SauceDemo.scripts.TestClassCart" name="TC05_verifyCheckoutBtn" time="0.077"/>
</testsuite> <!-- TestClassCart -->
