<?xml version="1.0" encoding="UTF-8"?>
<!-- Generated by org.testng.reporters.JUnitXMLReporter -->
<testsuite ignored="0" hostname="Jijos-MacBook-Air.local" failures="0" tests="9" name="TestClassLogin" time="49.897" errors="0" timestamp="2022-11-13T13:25:18 IST">
  <testcase classname="com.SauceDemo.scripts.TestClassLogin" name="TC01_verifyValidLogin" time="1.931"/>
  <testcase classname="com.SauceDemo.scripts.TestClassInventory" name="TC02_verifyAddtocart" time="2.454"/>
  <testcase classname="com.SauceDemo.scripts.TestClassCart" name="TC04_verifyItemsCart" time="1.715"/>
  <testcase classname="com.SauceDemo.scripts.TestClassCheckOutStepOne" name="TC06_verifyCheckOutStepOne" time="2.708"/>
  <testcase classname="com.SauceDemo.scripts.TestClassCheckOutStepTwo" name="TC07_verifyCheckOutStepTwo" time="4.261"/>
  <testcase classname="com.SauceDemo.scripts.TestClassCheckOutComplete" name="TC08_verifyCheckOutComplete" time="1.741"/>
  <testcase classname="com.SauceDemo.scripts.TestClassLogout" name="TC09_verifyLogout" time="0.763"/>
  <testcase classname="com.SauceDemo.scripts.TestClassInventory" name="TC03_verifyRemoveFromCart" time="2.279"/>
  <testcase classname="com.SauceDemo.scripts.TestClassCart" name="TC05_verifyCheckoutBtn" time="0.091"/>
</testsuite> <!-- TestClassLogin -->
